2022-10-13 22:05:21,777 [Worker-10: Loading available Gradle versions] INFO  o.e.b.c.i.u.g.PublishedGradleVersions - Gradle version information cache is up-to-date. Trying to read.
2022-10-13 22:06:47,333 [Worker-12: Importing Maven projects] INFO  o.e.m.c.i.l.LifecycleMappingFactory - Using org.eclipse.m2e.jdt.JarLifecycleMapping lifecycle mapping for MavenProject: com.ecommerce:EcommerceBackendFinalVersion:0.0.1-SNAPSHOT @ D:\FINAL PROJECT\EcommerceBackendFinalVersion\pom.xml.
2022-10-13 22:07:21,180 [Worker-12: Importing Maven projects] INFO  o.e.m.j.i.AbstractJavaProjectConfigurator - Adding source folder /EcommerceBackendFinalVersion/src/main/java
2022-10-13 22:07:21,181 [Worker-12: Importing Maven projects] INFO  o.e.m.j.i.AbstractJavaProjectConfigurator - Adding resource folder /EcommerceBackendFinalVersion/src/main/resources
2022-10-13 22:07:21,183 [Worker-12: Importing Maven projects] INFO  o.e.m.j.i.AbstractJavaProjectConfigurator - Adding resource folder /EcommerceBackendFinalVersion/src/main/resources
2022-10-13 22:07:21,184 [Worker-12: Importing Maven projects] INFO  o.e.m.j.i.AbstractJavaProjectConfigurator - Adding source folder /EcommerceBackendFinalVersion/src/test/java
2022-10-13 22:07:21,930 [Worker-12: Importing Maven projects] INFO  o.e.m.c.i.p.ProjectConfigurationManager - Imported and configured 1 project(s) in 60 sec
2022-10-13 22:07:39,887 [Worker-4: Building] INFO  o.e.m.c.i.embedder.EclipseLogger - Using 'UTF-8' encoding to copy filtered resources.
2022-10-13 22:07:39,888 [Worker-4: Building] INFO  o.e.m.c.i.embedder.EclipseLogger - Using 'UTF-8' encoding to copy filtered properties files.
2022-10-13 22:07:39,933 [Worker-4: Building] INFO  o.e.m.c.i.embedder.EclipseLogger - Copying 1 resource
2022-10-13 22:07:40,020 [Worker-4: Building] INFO  o.e.m.c.i.embedder.EclipseLogger - Copying 1 resource
2022-10-13 22:07:40,043 [Worker-4: Building] INFO  o.e.m.c.i.embedder.EclipseLogger - Using 'UTF-8' encoding to copy filtered resources.
2022-10-13 22:07:40,043 [Worker-4: Building] INFO  o.e.m.c.i.embedder.EclipseLogger - Using 'UTF-8' encoding to copy filtered properties files.
2022-10-13 22:07:40,043 [Worker-4: Building] INFO  o.e.m.c.i.embedder.EclipseLogger - skip non existing resourceDirectory D:\FINAL PROJECT\EcommerceBackendFinalVersion\src\test\resources
2022-10-14 09:10:55,841 [Worker-5: Loading available Gradle versions] INFO  o.e.b.c.i.u.g.PublishedGradleVersions - Gradle version information cache is up-to-date. Trying to read.
2022-10-14 09:48:42,114 [Worker-25: Building] INFO  o.e.m.c.i.embedder.EclipseLogger - Using 'UTF-8' encoding to copy filtered resources.
2022-10-14 09:48:42,115 [Worker-25: Building] INFO  o.e.m.c.i.embedder.EclipseLogger - Using 'UTF-8' encoding to copy filtered properties files.
2022-10-14 09:48:42,145 [Worker-25: Building] INFO  o.e.m.c.i.embedder.EclipseLogger - Copying 1 resource
2022-10-14 09:48:42,242 [Worker-25: Building] INFO  o.e.m.c.i.embedder.EclipseLogger - Copying 1 resource
2022-10-14 09:48:42,249 [Worker-25: Building] INFO  o.e.m.c.i.embedder.EclipseLogger - Using 'UTF-8' encoding to copy filtered resources.
2022-10-14 09:48:42,249 [Worker-25: Building] INFO  o.e.m.c.i.embedder.EclipseLogger - Using 'UTF-8' encoding to copy filtered properties files.
2022-10-14 09:48:42,249 [Worker-25: Building] INFO  o.e.m.c.i.embedder.EclipseLogger - skip non existing resourceDirectory D:\FINAL PROJECT\EcommerceBackendFinalVersion\src\test\resources
2022-10-14 09:49:59,239 [Worker-26: Building] INFO  o.e.m.c.i.embedder.EclipseLogger - Using 'UTF-8' encoding to copy filtered resources.
2022-10-14 09:49:59,239 [Worker-26: Building] INFO  o.e.m.c.i.embedder.EclipseLogger - Using 'UTF-8' encoding to copy filtered properties files.
2022-10-14 09:49:59,257 [Worker-26: Building] INFO  o.e.m.c.i.embedder.EclipseLogger - Copying 1 resource
2022-10-14 09:49:59,294 [Worker-26: Building] INFO  o.e.m.c.i.embedder.EclipseLogger - Copying 1 resource
2022-10-14 09:49:59,300 [Worker-26: Building] INFO  o.e.m.c.i.embedder.EclipseLogger - Using 'UTF-8' encoding to copy filtered resources.
2022-10-14 09:49:59,300 [Worker-26: Building] INFO  o.e.m.c.i.embedder.EclipseLogger - Using 'UTF-8' encoding to copy filtered properties files.
2022-10-14 09:49:59,300 [Worker-26: Building] INFO  o.e.m.c.i.embedder.EclipseLogger - skip non existing resourceDirectory D:\FINAL PROJECT\EcommerceBackendFinalVersion\src\test\resources
2022-10-27 22:05:03,767 [Worker-4: Loading available Gradle versions] INFO  o.e.b.c.i.u.g.PublishedGradleVersions - Gradle version information cache is out-of-date. Trying to update.
2022-10-31 20:49:02,198 [Worker-6: Loading available Gradle versions] INFO  o.e.b.c.i.u.g.PublishedGradleVersions - Gradle version information cache is up-to-date. Trying to read.
2022-11-03 21:01:41,022 [Worker-5: Loading available Gradle versions] INFO  o.e.b.c.i.u.g.PublishedGradleVersions - Gradle version information cache is up-to-date. Trying to read.
2022-11-09 18:53:42,545 [Worker-5: Loading available Gradle versions] INFO  o.e.b.c.i.u.g.PublishedGradleVersions - Gradle version information cache is up-to-date. Trying to read.
2022-11-17 11:52:24,109 [Worker-1: Loading available Gradle versions] INFO  o.e.b.c.i.u.g.PublishedGradleVersions - Gradle version information cache is up-to-date. Trying to read.
2022-12-21 12:01:00,529 [Worker-5: Loading available Gradle versions] INFO  o.e.b.c.i.u.g.PublishedGradleVersions - Gradle version information cache is out-of-date. Trying to update.
2022-12-21 12:02:34,409 [Worker-15: Launching EcommerceBackendFinalVersion - Application] INFO  o.e.m.c.i.embedder.EclipseLogger - Using 'UTF-8' encoding to copy filtered resources.
2022-12-21 12:02:34,436 [Worker-15: Launching EcommerceBackendFinalVersion - Application] INFO  o.e.m.c.i.embedder.EclipseLogger - Using 'UTF-8' encoding to copy filtered properties files.
2022-12-21 12:02:34,450 [Worker-15: Launching EcommerceBackendFinalVersion - Application] INFO  o.e.m.c.i.embedder.EclipseLogger - Copying 1 resource
2022-12-21 12:02:34,494 [Worker-15: Launching EcommerceBackendFinalVersion - Application] INFO  o.e.m.c.i.embedder.EclipseLogger - Copying 1 resource
2022-12-21 12:02:34,508 [Worker-15: Launching EcommerceBackendFinalVersion - Application] INFO  o.e.m.c.i.embedder.EclipseLogger - Using 'UTF-8' encoding to copy filtered resources.
2022-12-21 12:02:34,508 [Worker-15: Launching EcommerceBackendFinalVersion - Application] INFO  o.e.m.c.i.embedder.EclipseLogger - Using 'UTF-8' encoding to copy filtered properties files.
2022-12-21 12:02:34,508 [Worker-15: Launching EcommerceBackendFinalVersion - Application] INFO  o.e.m.c.i.embedder.EclipseLogger - skip non existing resourceDirectory D:\FINAL PROJECT\EcommerceBackendFinalVersion\src\test\resources
2022-12-22 11:59:55,526 [Worker-7: Loading available Gradle versions] INFO  o.e.b.c.i.u.g.PublishedGradleVersions - Gradle version information cache is up-to-date. Trying to read.
2022-12-22 12:00:25,708 [Worker-1: Building] INFO  o.e.m.c.i.embedder.EclipseLogger - Using 'UTF-8' encoding to copy filtered resources.
2022-12-22 12:00:25,709 [Worker-1: Building] INFO  o.e.m.c.i.embedder.EclipseLogger - Using 'UTF-8' encoding to copy filtered properties files.
2022-12-22 12:00:25,714 [Worker-1: Building] INFO  o.e.m.c.i.embedder.EclipseLogger - Copying 1 resource
2022-12-22 12:00:25,755 [Worker-1: Building] INFO  o.e.m.c.i.embedder.EclipseLogger - Copying 1 resource
2022-12-22 12:00:25,782 [Worker-1: Building] INFO  o.e.m.c.i.embedder.EclipseLogger - Using 'UTF-8' encoding to copy filtered resources.
2022-12-22 12:00:25,782 [Worker-1: Building] INFO  o.e.m.c.i.embedder.EclipseLogger - Using 'UTF-8' encoding to copy filtered properties files.
2022-12-22 12:00:25,782 [Worker-1: Building] INFO  o.e.m.c.i.embedder.EclipseLogger - skip non existing resourceDirectory D:\FINAL PROJECT\EcommerceBackendFinalVersion\src\test\resources
2022-12-22 12:01:22,934 [Worker-11: Building] INFO  o.e.m.c.i.embedder.EclipseLogger - Using 'UTF-8' encoding to copy filtered resources.
2022-12-22 12:01:22,935 [Worker-11: Building] INFO  o.e.m.c.i.embedder.EclipseLogger - Using 'UTF-8' encoding to copy filtered properties files.
2022-12-22 12:01:22,940 [Worker-11: Building] INFO  o.e.m.c.i.embedder.EclipseLogger - Copying 1 resource
2022-12-22 12:01:23,000 [Worker-11: Building] INFO  o.e.m.c.i.embedder.EclipseLogger - Copying 0 resource
2022-12-22 12:01:23,005 [Worker-11: Building] INFO  o.e.m.c.i.embedder.EclipseLogger - Using 'UTF-8' encoding to copy filtered resources.
2022-12-22 12:01:23,005 [Worker-11: Building] INFO  o.e.m.c.i.embedder.EclipseLogger - Using 'UTF-8' encoding to copy filtered properties files.
2022-12-22 12:01:23,006 [Worker-11: Building] INFO  o.e.m.c.i.embedder.EclipseLogger - skip non existing resourceDirectory D:\FINAL PROJECT\EcommerceBackendFinalVersion\src\test\resources
2022-12-22 12:02:25,373 [Worker-12: Updating Maven Project] INFO  o.e.m.c.i.p.ProjectConfigurationManager - Update started
2022-12-22 12:02:27,237 [Worker-12: Updating Maven Project] INFO  o.e.m.c.i.l.LifecycleMappingFactory - Using org.eclipse.m2e.jdt.JarLifecycleMapping lifecycle mapping for MavenProject: com.ecommerce:EcommerceBackendFinalVersion:0.0.1-SNAPSHOT @ D:\FINAL PROJECT\EcommerceBackendFinalVersion\pom.xml.
2022-12-22 12:02:29,143 [Worker-12: Updating Maven Project] INFO  o.e.m.j.i.AbstractJavaProjectConfigurator - Adding source folder /EcommerceBackendFinalVersion/src/main/java
2022-12-22 12:02:29,144 [Worker-12: Updating Maven Project] INFO  o.e.m.j.i.AbstractJavaProjectConfigurator - Adding resource folder /EcommerceBackendFinalVersion/src/main/resources
2022-12-22 12:02:29,145 [Worker-12: Updating Maven Project] INFO  o.e.m.j.i.AbstractJavaProjectConfigurator - Adding resource folder /EcommerceBackendFinalVersion/src/main/resources
2022-12-22 12:02:29,146 [Worker-12: Updating Maven Project] INFO  o.e.m.j.i.AbstractJavaProjectConfigurator - Adding source folder /EcommerceBackendFinalVersion/src/test/java
2022-12-22 12:02:31,021 [Worker-12: Updating Maven Project] INFO  o.e.m.c.i.p.ProjectConfigurationManager - Update completed: 5 sec
2022-12-22 12:02:38,780 [Worker-13: Building] INFO  o.e.m.c.i.embedder.EclipseLogger - Using 'UTF-8' encoding to copy filtered resources.
2022-12-22 12:02:38,781 [Worker-13: Building] INFO  o.e.m.c.i.embedder.EclipseLogger - Using 'UTF-8' encoding to copy filtered properties files.
2022-12-22 12:02:38,782 [Worker-13: Building] INFO  o.e.m.c.i.embedder.EclipseLogger - Copying 1 resource
2022-12-22 12:02:38,819 [Worker-13: Building] INFO  o.e.m.c.i.embedder.EclipseLogger - Copying 1 resource
2022-12-22 12:02:38,827 [Worker-13: Building] INFO  o.e.m.c.i.embedder.EclipseLogger - Using 'UTF-8' encoding to copy filtered resources.
2022-12-22 12:02:38,827 [Worker-13: Building] INFO  o.e.m.c.i.embedder.EclipseLogger - Using 'UTF-8' encoding to copy filtered properties files.
2022-12-22 12:02:38,827 [Worker-13: Building] INFO  o.e.m.c.i.embedder.EclipseLogger - skip non existing resourceDirectory D:\FINAL PROJECT\EcommerceBackendFinalVersion\src\test\resources
2022-12-22 12:03:45,949 [main] INFO  o.e.m.c.i.l.LifecycleMappingFactory - Using org.eclipse.m2e.jdt.JarLifecycleMapping lifecycle mapping for MavenProject: com.ecommerce:EcommerceBackendFinalVersion:0.0.1-SNAPSHOT @ D:\FINAL PROJECT\EcommerceBackendFinalVersion\pom.xml.
2022-12-22 12:04:24,623 [Worker-19: Building] INFO  o.e.m.c.i.embedder.EclipseLogger - Using 'UTF-8' encoding to copy filtered resources.
2022-12-22 12:04:24,624 [Worker-19: Building] INFO  o.e.m.c.i.embedder.EclipseLogger - Using 'UTF-8' encoding to copy filtered properties files.
2022-12-22 12:04:24,625 [Worker-19: Building] INFO  o.e.m.c.i.embedder.EclipseLogger - Copying 0 resource
2022-12-22 12:04:24,626 [Worker-19: Building] INFO  o.e.m.c.i.embedder.EclipseLogger - Copying 0 resource
2022-12-22 12:04:24,643 [Worker-19: Building] INFO  o.e.m.c.i.embedder.EclipseLogger - Using 'UTF-8' encoding to copy filtered resources.
2022-12-22 12:04:24,643 [Worker-19: Building] INFO  o.e.m.c.i.embedder.EclipseLogger - Using 'UTF-8' encoding to copy filtered properties files.
2022-12-22 12:04:24,643 [Worker-19: Building] INFO  o.e.m.c.i.embedder.EclipseLogger - skip non existing resourceDirectory D:\FINAL PROJECT\EcommerceBackendFinalVersion\src\test\resources
2022-12-22 12:13:01,685 [Worker-23: Building Workspace] INFO  o.e.m.c.i.embedder.EclipseLogger - Using 'UTF-8' encoding to copy filtered resources.
2022-12-22 12:13:01,687 [Worker-23: Building Workspace] INFO  o.e.m.c.i.embedder.EclipseLogger - Using 'UTF-8' encoding to copy filtered properties files.
2022-12-22 12:13:01,712 [Worker-23: Building Workspace] INFO  o.e.m.c.i.embedder.EclipseLogger - Copying 1 resource
2022-12-22 12:13:01,714 [Worker-23: Building Workspace] INFO  o.e.m.c.i.embedder.EclipseLogger - Copying 1 resource
2022-12-22 12:13:01,721 [Worker-23: Building Workspace] INFO  o.e.m.c.i.embedder.EclipseLogger - Using 'UTF-8' encoding to copy filtered resources.
2022-12-22 12:13:01,721 [Worker-23: Building Workspace] INFO  o.e.m.c.i.embedder.EclipseLogger - Using 'UTF-8' encoding to copy filtered properties files.
2022-12-22 12:13:01,721 [Worker-23: Building Workspace] INFO  o.e.m.c.i.embedder.EclipseLogger - skip non existing resourceDirectory D:\FINAL PROJECT\EcommerceBackendFinalVersion\src\test\resources
2022-12-22 15:56:54,372 [Worker-55: Launching EcommerceBackendFinalVersion - Application] INFO  o.e.m.c.i.embedder.EclipseLogger - Using 'UTF-8' encoding to copy filtered resources.
2022-12-22 15:56:54,396 [Worker-55: Launching EcommerceBackendFinalVersion - Application] INFO  o.e.m.c.i.embedder.EclipseLogger - Using 'UTF-8' encoding to copy filtered properties files.
2022-12-22 15:56:54,402 [Worker-55: Launching EcommerceBackendFinalVersion - Application] INFO  o.e.m.c.i.embedder.EclipseLogger - Copying 1 resource
2022-12-22 15:56:55,200 [Worker-55: Launching EcommerceBackendFinalVersion - Application] INFO  o.e.m.c.i.embedder.EclipseLogger - Copying 0 resource
2022-12-22 15:56:55,206 [Worker-55: Launching EcommerceBackendFinalVersion - Application] INFO  o.e.m.c.i.embedder.EclipseLogger - Using 'UTF-8' encoding to copy filtered resources.
2022-12-22 15:56:55,206 [Worker-55: Launching EcommerceBackendFinalVersion - Application] INFO  o.e.m.c.i.embedder.EclipseLogger - Using 'UTF-8' encoding to copy filtered properties files.
2022-12-22 15:56:55,206 [Worker-55: Launching EcommerceBackendFinalVersion - Application] INFO  o.e.m.c.i.embedder.EclipseLogger - skip non existing resourceDirectory D:\FINAL PROJECT\EcommerceBackendFinalVersion\src\test\resources
